2024-11-06 20:34:51,973 - INFO - Found image for Science et Technique, Sciences de la Santé: https://knowledgehub.iphce.org/wp-content/uploads/2021/04/Science-et-Technique-Sciences-de-la-Sante.jpg
2024-11-06 20:34:55,664 - WARNING - Failed to download image for journal: Science et Technique, Sciences de la Santé - Status code: 404
2024-11-06 20:34:56,786 - INFO - Found image for African Anthropologist: https://www.ajol.info/public/journals/136/homepageImage_en_US.png
2024-11-06 20:35:03,628 - INFO - Image saved for journal: African Anthropologist
2024-11-06 20:35:04,977 - INFO - Found image for Cameroon Journal of Agricultural Science: https://www.ajol.info/public/journals/253/homepageImage.gif
2024-11-06 20:35:06,352 - INFO - Image saved for journal: Cameroon Journal of Agricultural Science
2024-11-06 20:35:07,232 - INFO - Found image for Cameroon Journal of Experimental Biology: https://www.ajol.info/public/journals/285/homepageImage.JPG
2024-11-06 20:35:08,300 - INFO - Image saved for journal: Cameroon Journal of Experimental Biology
2024-11-06 20:35:09,588 - INFO - Found image for Clinics in Mother and Child Health: https://lookaside.fbsbx.com/lookaside/crawler/media/?media_id=100063681026934
2024-11-06 20:35:10,237 - INFO - Image saved for journal: Clinics in Mother and Child Health
2024-11-06 20:35:11,325 - INFO - Found image for International Journal of Biological and Chemical Sciences: https://www.ajol.info/public/journals/314/homepageImage.jpg
2024-11-06 20:35:12,363 - INFO - Image saved for journal: International Journal of Biological and Chemical Sciences
2024-11-06 20:35:13,396 - INFO - Found image for Investigational Medicinal Chemistry and Pharmacology: https://www.ajol.info/public/journals/616/homepageImage_en_US.png
2024-11-06 20:35:15,983 - INFO - Image saved for journal: Investigational Medicinal Chemistry and Pharmacology
2024-11-06 20:35:16,958 - INFO - Found image for Journal of the Cameroon Academy of Sciences: https://www.ajol.info/public/journals/93/homepageImage_en_US.png
2024-11-06 20:35:21,883 - INFO - Image saved for journal: Journal of the Cameroon Academy of Sciences
2024-11-06 20:35:22,794 - INFO - Found image for Revue Africaine de Chirurgie et Spécialités: https://www.ajol.info/public/journals/443/homepageImage_en_US.jpg
2024-11-06 20:35:23,875 - INFO - Image saved for journal: Revue Africaine de Chirurgie et Spécialités
2024-11-06 20:35:24,842 - INFO - Found image for Journal of the Cameroon Academy of Sciences: https://www.ajol.info/public/journals/93/homepageImage_en_US.png
2024-11-08 12:57:10,637 - INFO - Found image for International Journal of Energetica: https://www.ijeca.info/public/site/images/abder03/logo2.jpg
2024-11-08 12:57:11,532 - INFO - Image saved for journal: International Journal of Energetica
2024-11-08 12:57:12,089 - INFO - Found image for Journal de la Faculté de Médecine: https://www.jfmo-dz.net/journal/public/journals/1/homepageImage_en_US.jpg
2024-11-08 12:57:12,863 - INFO - Image saved for journal: Journal de la Faculté de Médecine
2024-11-08 12:57:13,413 - INFO - Found image for Journal of Fundamental and Applied Sciences: https://www.ajol.info/public/journals/547/homepageImage_en_US.jpg
2024-11-08 12:57:13,926 - INFO - Image saved for journal: Journal of Fundamental and Applied Sciences
2024-11-08 12:57:14,430 - INFO - Found image for les cahiers du cread: https://www.ajol.info/public/journals/550/homepageImage_en_US.png
2024-11-08 12:57:15,052 - INFO - Image saved for journal: les cahiers du cread
2024-11-08 12:57:15,555 - INFO - Found image for Management & Economics Research Journal: https://upraise.io/wp-content/uploads/2019/12/Asset-1-1.png
2024-11-08 12:57:16,110 - INFO - Image saved for journal: Management & Economics Research Journal
2024-11-08 12:57:16,666 - INFO - Found image for Revue d'Information Scientifique et Technique: https://www.ajol.info/public/journals/165/homepageImage.jpg
2024-11-08 12:57:17,093 - INFO - Image saved for journal: Revue d'Information Scientifique et Technique
2024-11-08 12:57:17,652 - INFO - Found image for Synthèse: Revue des Sciences et de la Technologie: https://www.ajol.info/public/journals/542/homepageImage_en_US.png
2024-11-08 12:57:18,171 - INFO - Image saved for journal: Synthèse: Revue des Sciences et de la Technologie
2024-11-08 12:57:18,696 - INFO - Found image for Technologies Avancées: http://idtxs3.imgix.net/si/40000/4F/E9.jpg?w=1066&h=600&fit=crop&crop=faces,entropy&q=50&fm=pjpg
2024-11-08 12:57:18,777 - INFO - Image saved for journal: Technologies Avancées
2024-11-08 12:57:19,261 - INFO - Found image for Annales des Sciences Agronomiques: https://m.media-amazon.com/images/I/71kYh5psYEL._AC_UF1000,1000_QL80_.jpg
2024-11-08 12:57:19,472 - INFO - Image saved for journal: Annales des Sciences Agronomiques
2024-11-08 12:57:19,895 - INFO - Found image for Botswana Journal of Economics: https://www.ajol.info/public/journals/433/homepageImage_en_US.jpg
2024-11-08 12:57:20,321 - INFO - Image saved for journal: Botswana Journal of Economics
2024-11-08 12:57:20,780 - INFO - Found image for Botswana Journal of Technology: https://www.ajol.info/public/journals/84/homepageImage.jpg
2024-11-08 12:57:21,283 - INFO - Image saved for journal: Botswana Journal of Technology
2024-11-08 12:57:21,768 - INFO - Found image for Marang: Journal of Language and Literature: https://journals.ub.bw/public/journals/4/cover_issue_160_en_US.jpg
2024-11-08 12:57:24,453 - INFO - Image saved for journal: Marang: Journal of Language and Literature
2024-11-08 12:57:24,865 - INFO - Found image for Revue Burkinabè de droit: https://0.academia-photos.com/attachment_thumbnails/70557386/mini_magick20210929-29377-1mg3vdf.png?1632925557
2024-11-08 12:57:25,106 - INFO - Image saved for journal: Revue Burkinabè de droit
2024-11-08 12:57:25,682 - INFO - Found image for Science et Technique, Sciences de la Santé: https://knowledgehub.iphce.org/wp-content/uploads/2021/04/Science-et-Technique-Sciences-de-la-Sante.jpg
2024-11-08 12:57:29,541 - WARNING - Failed to download image for journal: Science et Technique, Sciences de la Santé - Status code: 404
2024-11-08 12:57:30,091 - INFO - Found image for Sud Sciences et Technologies: https://www.ajol.info/public/journals/97/homepageImage.jpg
2024-11-08 12:57:30,557 - INFO - Image saved for journal: Sud Sciences et Technologies
2024-11-08 12:57:31,045 - INFO - Found image for East Africa Science: https://easci.eahealth.org/public/journals/1/homepageImage_en_US.png
2024-11-08 12:57:31,865 - INFO - Image saved for journal: East Africa Science
2024-11-08 12:57:32,325 - INFO - Found image for African Anthropologist: https://www.ajol.info/public/journals/136/homepageImage_en_US.png
2024-11-08 12:57:33,362 - INFO - Image saved for journal: African Anthropologist
2024-11-08 12:57:33,910 - INFO - Found image for Cameroon Journal of Agricultural Science: https://www.ajol.info/public/journals/253/homepageImage.gif
2024-11-08 12:57:34,427 - INFO - Image saved for journal: Cameroon Journal of Agricultural Science
2024-11-08 12:57:34,899 - INFO - Found image for Cameroon Journal of Experimental Biology: https://www.ajol.info/public/journals/285/homepageImage.JPG
2024-11-08 12:57:35,282 - INFO - Image saved for journal: Cameroon Journal of Experimental Biology
2024-11-08 12:57:35,859 - INFO - Found image for Clinics in Mother and Child Health: https://lookaside.fbsbx.com/lookaside/crawler/media/?media_id=100063681026934
2024-11-08 12:57:36,067 - INFO - Image saved for journal: Clinics in Mother and Child Health
2024-11-08 12:57:36,618 - INFO - Found image for The Egyptian Journal of Surgery: https://lookaside.fbsbx.com/lookaside/crawler/media/?media_id=672714815049725
2024-11-08 12:57:36,800 - INFO - Image saved for journal: The Egyptian Journal of Surgery
2024-11-08 12:57:37,238 - INFO - Found image for International Journal of Biological and Chemical Sciences: https://www.ajol.info/public/journals/314/homepageImage.jpg
2024-11-08 12:57:37,644 - INFO - Image saved for journal: International Journal of Biological and Chemical Sciences
2024-11-08 12:57:38,100 - INFO - Found image for Investigational Medicinal Chemistry and Pharmacology: https://www.ajol.info/public/journals/616/homepageImage_en_US.png
2024-11-08 12:57:38,874 - INFO - Image saved for journal: Investigational Medicinal Chemistry and Pharmacology
2024-11-08 12:57:39,433 - INFO - Found image for Journal of the Cameroon Academy of Sciences: https://www.ajol.info/public/journals/93/homepageImage_en_US.png
2024-11-08 12:57:40,514 - INFO - Image saved for journal: Journal of the Cameroon Academy of Sciences
2024-11-08 12:57:41,056 - INFO - Found image for Revue Africaine de Chirurgie et Spécialités: https://www.ajol.info/public/journals/443/homepageImage_en_US.jpg
2024-11-08 12:57:41,461 - INFO - Image saved for journal: Revue Africaine de Chirurgie et Spécialités
2024-11-08 12:57:41,783 - INFO - Found image for Journal of the Cameroon Academy of Sciences: https://www.ajol.info/public/journals/93/homepageImage_en_US.png
2024-11-08 12:57:42,739 - INFO - Image saved for journal: Journal of the Cameroon Academy of Sciences
2024-11-08 12:57:43,239 - INFO - Found image for Revue de Médecine et de Pharmacie: https://www.ajol.info/public/journals/489/homepageImage_en_US.jpg
2024-11-08 12:57:43,734 - INFO - Image saved for journal: Revue de Médecine et de Pharmacie
2024-11-08 12:57:44,245 - INFO - Found image for Abia State University Medical Students' Association Journal: https://www.ajol.info/public/journals/372/homepageImage_en_US.jpg
2024-11-08 12:57:45,115 - INFO - Image saved for journal: Abia State University Medical Students' Association Journal
2024-11-08 12:57:45,608 - INFO - Found image for African Journal for the Psychological Study of Social Issues: https://www.ajol.info/public/journals/237/homepageImage.gif
2024-11-08 12:57:46,184 - INFO - Image saved for journal: African Journal for the Psychological Study of Social Issues
2024-11-08 12:57:46,663 - INFO - Found image for African Journal of Anaesthesia and Intensive Care: https://www.ajol.info/public/journals/405/homepageImage_en_US.jpg
2024-11-08 12:57:47,032 - INFO - Image saved for journal: African Journal of Anaesthesia and Intensive Care
2024-11-08 12:57:47,453 - INFO - Found image for African Journal of Biomedical Research: https://www.ajol.info/public/journals/264/homepageImage_en_US.jpg
2024-11-08 12:57:47,920 - INFO - Image saved for journal: African Journal of Biomedical Research
2024-11-08 12:57:48,316 - INFO - Found image for African Journal of Clinical and Experimental Microbiology: https://www.ajol.info/public/journals/47/homepageImage.jpg
2024-11-08 12:57:48,795 - INFO - Image saved for journal: African Journal of Clinical and Experimental Microbiology
2024-11-08 12:57:49,344 - INFO - Found image for African Journal of Drug and Alcohol Studies: https://www.ajol.info/public/journals/391/homepageImage_en_US.jpg
2024-11-08 12:57:49,762 - INFO - Image saved for journal: African Journal of Drug and Alcohol Studies
2024-11-08 12:57:50,220 - INFO - Found image for African Journal of Economic Policy: https://www.ajol.info/public/journals/147/homepageImage.jpg
2024-11-08 12:57:50,732 - INFO - Image saved for journal: African Journal of Economic Policy
2024-11-08 12:57:51,141 - INFO - Found image for African Journal of Endocrinology and Metabolism: https://ajpmed.org/public/site/images/admin/yyyyyyyyyyy-35775d12483f342250910f05f1c4d4ce.png
2024-11-08 12:57:52,689 - INFO - Image saved for journal: African Journal of Endocrinology and Metabolism
2024-11-08 12:57:53,269 - INFO - Found image for African Journal of Environmental Science and Technology: https://www.ajol.info/public/journals/389/homepageImage_en_US.jpg
2024-11-08 12:57:53,736 - INFO - Image saved for journal: African Journal of Environmental Science and Technology
2024-11-08 12:57:54,190 - INFO - Found image for African Journal of Infectious Diseases: https://www.ajol.info/public/journals/362/homepageImage.jpg
2024-11-08 12:57:54,688 - INFO - Image saved for journal: African Journal of Infectious Diseases
2024-11-08 12:57:55,123 - INFO - Found image for African Journal of International Affairs and Development: https://www.ajol.info/public/journals/173/homepageImage.gif
2024-11-08 12:57:55,593 - INFO - Image saved for journal: African Journal of International Affairs and Development
2024-11-08 12:57:56,149 - INFO - Found image for African Journal of Library, Archives and Information Science: https://www.ajol.info/public/journals/158/homepageImage.gif
2024-11-08 12:57:56,724 - INFO - Image saved for journal: African Journal of Library, Archives and Information Science
2024-11-08 12:57:57,169 - INFO - Found image for African Journal of Livestock Extension: https://www.ajol.info/public/journals/2/homepageImage.jpg
2024-11-08 12:57:57,702 - INFO - Image saved for journal: African Journal of Livestock Extension
2024-11-08 12:57:58,238 - INFO - Found image for African Journal of Oral Health: https://www.ajol.info/public/journals/210/homepageImage.gif
2024-11-08 12:57:58,751 - INFO - Image saved for journal: African Journal of Oral Health
2024-11-08 12:57:59,210 - INFO - Found image for African Journal of Paediatric Nephrology: https://www.ajol.info/public/journals/558/homepageImage_en_US.jpg
2024-11-08 12:57:59,792 - INFO - Image saved for journal: African Journal of Paediatric Nephrology
2024-11-08 12:58:00,253 - INFO - Found image for African Journal of Paediatric Surgery: https://i1.rgstatic.net/publication/353622550_African_Journal_of_Paediatric_Surgery/links/6106aea51e95fe241a9f23f8/largepreview.png
2024-11-08 12:58:00,572 - INFO - Image saved for journal: African Journal of Paediatric Surgery
2024-11-08 12:58:01,042 - INFO - Found image for African Journal of Physiotherapy and Rehabilitation Sciences: https://www.ajol.info/public/journals/412/homepageImage_en_US.jpg
2024-11-08 12:58:01,460 - INFO - Image saved for journal: African Journal of Physiotherapy and Rehabilitation Sciences
2024-11-08 12:58:01,923 - INFO - Found image for African Journal of Reproductive Health: https://www.ajol.info/public/journals/49/homepageImage_en_US.png
2024-11-08 12:58:02,548 - INFO - Image saved for journal: African Journal of Reproductive Health
2024-11-08 12:58:02,999 - INFO - Found image for Nigerian Hospital Practice: https://lookaside.fbsbx.com/lookaside/crawler/media/?media_id=100071161992774
2024-11-08 12:58:03,199 - INFO - Image saved for journal: Nigerian Hospital Practice
2024-11-08 12:58:03,705 - INFO - Found image for African Journal of Social Issues: https://www.ajol.info/public/journals/627/homepageImage_en_US.jpg
2024-11-08 12:58:04,956 - INFO - Image saved for journal: African Journal of Social Issues
2024-11-08 12:58:05,503 - INFO - Found image for African Journal of Sustainable Development: https://i.ytimg.com/vi/dyNdVKaA3e4/hq720.jpg?sqp=-oaymwEhCK4FEIIDSFryq4qpAxMIARUAAAAAGAElAADIQj0AgKJD&rs=AOn4CLBKYEYfIS7lENu_WfZBkob2RrsXOQ
2024-11-08 12:58:05,981 - ERROR - Error saving image for journal African Journal of Sustainable Development: Storage can not find an available filename for "journals/images/hq720_toNE7Mi.jpgsqp-oaymwEhCK4FEIIDSFryq4qpAxMIARUAAAAAGAElAADIQj0AgKJDrsAOn4CLBKYEYfIS7lENu_WfZBkob2RrsXOQ". Please make sure that the corresponding file field allows sufficient "max_length".
2024-11-08 12:58:06,517 - INFO - Found image for African Journal of Traditional, Complementary and Alternative Medicines: https://www.ajol.info/public/journals/209/homepageImage.gif
2024-11-08 12:58:07,030 - INFO - Image saved for journal: African Journal of Traditional, Complementary and Alternative Medicines
2024-11-08 12:58:07,548 - INFO - Found image for African Studies Monographs: https://m.media-amazon.com/images/I/71mAuLBWTQL._AC_UF1000,1000_QL80_.jpg
2024-11-08 12:58:07,912 - INFO - Image saved for journal: African Studies Monographs
2024-11-08 12:58:08,274 - INFO - Found image for Afrimedic Journal: https://www.ajol.info/public/journals/492/homepageImage_en_US.jpg
2024-11-08 12:58:08,716 - INFO - Image saved for journal: Afrimedic Journal
2024-11-08 12:58:09,202 - INFO - Found image for Agro-Science: https://www.ajol.info/public/journals/6/homepageImage.gif
2024-11-08 12:58:09,680 - INFO - Image saved for journal: Agro-Science
2024-11-08 12:58:10,223 - INFO - Found image for Agrosearch: https://www.ajol.info/public/journals/311/homepageImage.jpg
2024-11-08 12:58:10,612 - INFO - Image saved for journal: Agrosearch
2024-11-08 12:58:11,175 - INFO - Found image for Anchor University Journal of Science and Technology: https://www.ajol.info/public/journals/604/homepageImage_en_US.jpg
2024-11-08 12:58:11,678 - INFO - Image saved for journal: Anchor University Journal of Science and Technology
2024-11-08 12:58:12,159 - INFO - Found image for Animal Production Research Advances: https://www.ajol.info/public/journals/269/homepageImage.JPG
2024-11-08 12:58:12,678 - INFO - Image saved for journal: Animal Production Research Advances
2024-11-08 12:58:13,277 - INFO - Found image for Animal Research International: https://www.ajol.info/public/journals/334/homepageImage_en_US.png
2024-11-08 12:58:13,763 - INFO - Image saved for journal: Animal Research International
2024-11-08 12:58:14,143 - INFO - Found image for Annals of African Medicine: https://www.ajol.info/public/journals/51/homepageImage.jpg
2024-11-08 12:58:14,599 - INFO - Image saved for journal: Annals of African Medicine
2024-11-08 12:58:14,972 - INFO - Found image for Annals of Biomedical Sciences: https://www.ajol.info/public/journals/332/homepageImage_en_US.jpg
2024-11-08 12:58:15,518 - INFO - Image saved for journal: Annals of Biomedical Sciences
2024-11-08 12:58:15,895 - INFO - Found image for Obsidian: https://upload.wikimedia.org/wikipedia/commons/1/17/Lipari-Obsidienne_%285%29.jpg
2024-11-08 12:58:16,431 - INFO - Image saved for journal: Obsidian
2024-11-08 12:58:16,795 - INFO - Found image for Annals of Health Research: https://www.ajol.info/public/journals/607/homepageImage_en_US.jpg
2024-11-08 12:58:17,563 - INFO - Image saved for journal: Annals of Health Research
2024-11-08 12:58:18,030 - INFO - Found image for Annals of Humanities and Development Studies: https://www.ajol.info/public/journals/505/homepageImage_en_US.jpg
2024-11-08 12:58:18,518 - INFO - Image saved for journal: Annals of Humanities and Development Studies
2024-11-08 12:58:18,856 - INFO - Found image for Annals of Ibadan Postgraduate Medicine: https://www.ajol.info/public/journals/302/homepageImage_en_US.jpg
2024-11-08 12:58:19,330 - INFO - Image saved for journal: Annals of Ibadan Postgraduate Medicine
2024-11-08 12:58:19,836 - INFO - Found image for Annals of Medical and Health Sciences Research: https://www.ajol.info/public/journals/494/homepageImage_en_US.jpg
2024-11-08 12:58:20,254 - INFO - Image saved for journal: Annals of Medical and Health Sciences Research
2024-11-08 12:58:20,637 - INFO - Found image for Annals of Modern Education: http://www.academicstar.us/UploadFile/CoolSite/2013-8/2013810112248739.jpg
2024-11-08 12:58:20,873 - ERROR - Error saving image for journal Annals of Modern Education: ('Connection aborted.', ConnectionResetError(104, 'Connection reset by peer'))
2024-11-08 12:58:21,281 - INFO - Found image for Annals of Nigerian Medicine: https://www.ajol.info/public/journals/278/homepageImage_en_US.jpg
2024-11-08 12:58:21,957 - INFO - Image saved for journal: Annals of Nigerian Medicine
2024-11-08 12:58:22,272 - INFO - Found image for Arụmarụka: Journal of Conversational Thinking: https://www.ajol.info/public/journals/601/homepageImage_en_US.png
2024-11-08 12:58:23,005 - INFO - Image saved for journal: Arụmarụka: Journal of Conversational Thinking
2024-11-08 12:58:23,501 - INFO - Found image for Archives of Ibadan Medicine: https://www.ajol.info/public/journals/244/homepageImage.gif
2024-11-08 12:58:24,092 - INFO - Image saved for journal: Archives of Ibadan Medicine
2024-11-08 12:58:24,520 - INFO - Found image for ATBU Journal of Environmental Technology: https://www.ajol.info/public/journals/486/homepageImage_en_US.jpg
2024-11-08 12:58:24,924 - INFO - Image saved for journal: ATBU Journal of Environmental Technology
2024-11-08 12:58:25,350 - INFO - Found image for Babcock University Medical Journal: https://www.ajol.info/public/journals/611/homepageImage_en_US.png
2024-11-08 12:58:25,810 - INFO - Image saved for journal: Babcock University Medical Journal
2024-11-08 12:58:26,220 - INFO - Found image for Bakolori Journal of General Studies: https://d13i5xhouzkrd.cloudfront.net/168968043753/previews/article-1.png
2024-11-08 12:58:26,402 - INFO - Image saved for journal: Bakolori Journal of General Studies
2024-11-08 12:58:26,888 - INFO - Found image for Bayero Journal of Medical Laboratory Science: https://www.ajol.info/public/journals/585/homepageImage_en_US.jpg
2024-11-08 12:58:27,527 - INFO - Image saved for journal: Bayero Journal of Medical Laboratory Science
2024-11-08 12:58:27,958 - INFO - Found image for Health SA Gesondheid: https://ars.els-cdn.com/content/image/X10259848.jpg
2024-11-08 12:58:28,277 - INFO - Image saved for journal: Health SA Gesondheid
2024-11-08 12:58:28,683 - INFO - Found image for Bayero Journal of Nursing and Health Care: https://www.ajol.info/public/journals/610/homepageImage_en_US.jpg
2024-11-08 12:58:29,279 - INFO - Image saved for journal: Bayero Journal of Nursing and Health Care
2024-11-08 12:58:29,681 - INFO - Found image for Bayero Journal of Pure and Applied Sciences: https://www.ajol.info/public/journals/424/homepageImage_en_US.jpg
2024-11-08 12:58:30,092 - INFO - Image saved for journal: Bayero Journal of Pure and Applied Sciences
2024-11-08 12:58:30,563 - INFO - Found image for Nigeria Journal of Postgraduate Medicine: https://npmcn.edu.ng/wp-content/uploads/2024/01/npmj-235x300.png
2024-11-08 12:58:31,042 - INFO - Image saved for journal: Nigeria Journal of Postgraduate Medicine
2024-11-08 12:58:31,553 - INFO - Found image for Bio-Research: https://career-advice.jobs.ac.uk/wp-content/uploads/Research-Jobs-in-Biology.jpg.optimal.jpg
2024-11-08 12:58:31,755 - INFO - Image saved for journal: Bio-Research
2024-11-08 12:58:32,107 - INFO - Found image for Biokemistri: http://bioline.org.br/imgs/covers/bk_cover.jpg
2024-11-08 12:58:32,249 - INFO - Image saved for journal: Biokemistri
2024-11-08 12:58:32,619 - INFO - Found image for Borno Medical Journal: https://www.ajol.info/public/journals/606/homepageImage_en_US.jpg
2024-11-08 12:58:33,598 - INFO - Image saved for journal: Borno Medical Journal
2024-11-08 12:58:33,976 - INFO - Found image for Bowen Journal of Agriculture: https://www.ajol.info/public/journals/357/homepageImage.JPG
2024-11-08 12:58:34,448 - INFO - Image saved for journal: Bowen Journal of Agriculture
2024-11-08 12:58:34,811 - INFO - Found image for ChemSearch Journal: https://www.ajol.info/public/journals/539/homepageImage_en_US.png
2024-11-08 12:58:35,380 - INFO - Image saved for journal: ChemSearch Journal
2024-11-08 12:58:35,857 - INFO - Found image for Humanities Review Journal: https://www.cchumanities.org/wp-content/uploads/2024/01/CCHR-2P-e1704389164466.png
2024-11-08 12:58:36,155 - INFO - Image saved for journal: Humanities Review Journal
2024-11-08 12:58:36,623 - INFO - Found image for Communicate: Journal of Library and Information Science: https://www.cjolis.org/public/journals/1/cover_issue_4_en_US.jpg
2024-11-08 12:58:37,589 - INFO - Image saved for journal: Communicate: Journal of Library and Information Science
2024-11-08 12:58:38,007 - INFO - Found image for Counsellor (The): https://m.media-amazon.com/images/I/812UGfypUaL._AC_UF894,1000_QL80_.jpg
2024-11-08 12:58:38,153 - INFO - Image saved for journal: Counsellor (The)
2024-11-08 12:58:39,733 - INFO - Found image for Creative Artist: A Journal of Theatre and Media Studies: https://journals.ezenwaohaetorc.org/public/journals/10/cover_issue_30_en_US.jpg
2024-11-08 12:58:40,096 - INFO - Image saved for journal: Creative Artist: A Journal of Theatre and Media Studies
2024-11-08 12:58:40,490 - INFO - Found image for Democracy & Development: Journal of West African Affairs: https://www.harvardmagazine.com/sites/default/files/styles/mobile_teaser_wide/public/img/article/1221/hm_january_february_2022_robert_nuebecker.jpg?itok=s73LS4or
2024-11-08 12:58:40,696 - INFO - Image saved for journal: Democracy & Development: Journal of West African Affairs
2024-11-08 12:58:41,061 - INFO - Found image for Dutse Journal of Pure and Applied Sciences: https://www.ajol.info/public/journals/579/homepageImage_en_US.jpg
2024-11-08 12:58:41,981 - INFO - Image saved for journal: Dutse Journal of Pure and Applied Sciences
2024-11-08 12:58:42,343 - INFO - Found image for Ebonyi Medical Journal: https://www.ajol.info/public/journals/348/homepageImage.jpg
2024-11-08 12:58:42,720 - INFO - Image saved for journal: Ebonyi Medical Journal
2024-11-08 12:58:43,141 - INFO - Found image for Economic and Policy Review: https://www.newyorkfed.org/medialibrary/media/research/images/EPR_2020_landing-page-artwork.png
2024-11-08 12:58:43,303 - INFO - Image saved for journal: Economic and Policy Review
2024-11-08 12:58:43,666 - INFO - Found image for Edo Journal of Counselling: https://i1.rgstatic.net/publication/358103742_Attitudes_of_women_to_menopause_Implications_for_counselling_-_Edo_Journal_of_Counselling/links/61fa77d211a1090a79cad0fc/largepreview.png
2024-11-08 12:58:43,953 - INFO - Image saved for journal: Edo Journal of Counselling
2024-11-08 12:58:44,349 - INFO - Found image for EJOTMAS: Ekpoma Journal of Theatre and Media Arts: https://www.ajol.info/public/journals/546/homepageImage_en_US.jpg
2024-11-08 12:58:44,825 - INFO - Image saved for journal: EJOTMAS: Ekpoma Journal of Theatre and Media Arts
2024-11-08 12:58:45,271 - INFO - Found image for Environmental Technology and Science Journal: https://www.ajol.info/public/journals/581/homepageImage_en_US.jpg
2024-11-08 12:58:45,944 - INFO - Image saved for journal: Environmental Technology and Science Journal
2024-11-08 12:58:46,358 - INFO - Found image for Equity Journal of Science and Technology: https://www.ajol.info/public/journals/578/homepageImage_en_US.jpg
2024-11-08 12:58:47,020 - INFO - Image saved for journal: Equity Journal of Science and Technology
2024-11-08 12:58:47,406 - INFO - Found image for Filosofia Theoretica: Journal of African Philosophy, Culture and Religions: https://m.media-amazon.com/images/I/61KueII5HVL._AC_UF1000,1000_QL80_.jpg
2024-11-08 12:58:47,732 - INFO - Image saved for journal: Filosofia Theoretica: Journal of African Philosophy, Culture and Religions
2024-11-08 12:58:48,112 - INFO - Found image for FUOYE Journal of Engineering and Technology: https://www.ajol.info/public/journals/580/homepageImage_en_US.png
2024-11-08 12:58:48,801 - INFO - Image saved for journal: FUOYE Journal of Engineering and Technology
2024-11-08 12:58:49,150 - INFO - Found image for FUTY Journal of the Environment: https://www.ajol.info/public/journals/406/homepageImage_en_US.jpg
2024-11-08 12:58:49,621 - INFO - Image saved for journal: FUTY Journal of the Environment
2024-11-08 12:58:50,011 - INFO - Found image for Gender and Behaviour: https://ugc.futurelearn.com/uploads/images/69/17/69170b9b-70a0-4445-ade0-ef645064a3c9.jpg
2024-11-08 12:58:50,207 - INFO - Image saved for journal: Gender and Behaviour
2024-11-08 12:58:50,711 - INFO - Found image for Global Approaches to Extension Practice: A Journal of Agricultural Extension: https://d13i5xhouzkrd.cloudfront.net/168968043753/previews/article-1.png
2024-11-08 12:58:50,889 - INFO - Image saved for journal: Global Approaches to Extension Practice: A Journal of Agricultural Extension
2024-11-08 12:58:51,363 - INFO - Found image for Global Journal of Agricultural Sciences: https://static.cambridge.org/covers/AGS_0_0_0/the_journal%20of%20agricultural%20science.jpg?send-full-size-image=true
2024-11-08 12:58:51,628 - INFO - Image saved for journal: Global Journal of Agricultural Sciences
2024-11-08 12:58:52,035 - INFO - Found image for Global Journal of Community Medicine: https://www.medipacademy.com/images/ijcmph.webp
2024-11-08 12:58:52,203 - INFO - Image saved for journal: Global Journal of Community Medicine
2024-11-08 12:58:52,596 - INFO - Found image for Global Journal of Educational Research: https://www.ajol.info/public/journals/189/homepageImage_en_US.jpg
2024-11-08 12:58:53,195 - INFO - Image saved for journal: Global Journal of Educational Research
2024-11-08 12:58:53,615 - INFO - Found image for Global Journal of Engineering Research: https://www.ajol.info/public/journals/105/homepageImage_en_US.jpg
2024-11-08 12:58:54,164 - INFO - Image saved for journal: Global Journal of Engineering Research
2024-11-08 12:58:54,569 - INFO - Found image for Global Journal of Geological Sciences: https://www.ajol.info/public/journals/103/homepageImage_en_US.jpg
2024-11-08 12:58:55,273 - INFO - Image saved for journal: Global Journal of Geological Sciences
2024-11-08 12:58:55,676 - INFO - Found image for Global Journal of Geological Sciences: https://www.ajol.info/public/journals/103/homepageImage_en_US.jpg
2024-11-08 12:58:56,341 - INFO - Image saved for journal: Global Journal of Geological Sciences
2024-11-08 12:58:56,764 - INFO - Found image for Global Journal of Humanities: https://gsarpublishers.com/wp-content/uploads/2022/02/Capture-sssssssssssaaaaaaaaaaa-230x300.png
2024-11-08 12:58:57,877 - INFO - Image saved for journal: Global Journal of Humanities
2024-11-08 12:58:57,995 - WARNING - No image found for journal: Global Journal of Mathematical Sciences
2024-11-08 12:58:57,998 - INFO - No image found for journal: Global Journal of Mathematical Sciences
2024-11-08 12:58:58,526 - INFO - Found image for Global Journal of Medical Sciences: https://www.ijmrhs.com/images/ijmrhslogo.jpg
2024-11-08 12:58:58,856 - INFO - Image saved for journal: Global Journal of Medical Sciences
2024-11-08 12:58:59,279 - INFO - Found image for Global Journal of Pure and Applied Sciences: https://www.ajol.info/public/journals/87/homepageImage_en_US.jpg
2024-11-08 12:58:59,948 - INFO - Image saved for journal: Global Journal of Pure and Applied Sciences
2024-11-08 12:59:00,740 - INFO - Found image for Global Journal of Social Sciences: https://gsarpublishers.com/wp-content/uploads/2022/02/Capture-sssssssssssaaaaaaaaaaa-230x300.png
2024-11-08 12:59:00,902 - INFO - Image saved for journal: Global Journal of Social Sciences
2024-11-08 12:59:01,038 - WARNING - No image found for journal: Highland Medical Research Journal
2024-11-08 12:59:01,042 - INFO - No image found for journal: Highland Medical Research Journal
2024-11-08 12:59:01,189 - WARNING - No image found for journal: Ibadan Journal of Humanistic Studies
2024-11-08 12:59:01,194 - INFO - No image found for journal: Ibadan Journal of Humanistic Studies
2024-11-08 12:59:01,367 - WARNING - No image found for journal: Ife Journal of Science
2024-11-08 12:59:01,372 - INFO - No image found for journal: Ife Journal of Science
2024-11-08 12:59:01,557 - WARNING - No image found for journal: IFE PsychologIA
2024-11-08 12:59:01,561 - INFO - No image found for journal: IFE PsychologIA
2024-11-08 12:59:01,742 - WARNING - No image found for journal: Ilorin Journal of Religious Studies
2024-11-08 12:59:01,746 - INFO - No image found for journal: Ilorin Journal of Religious Studies
2024-11-08 12:59:01,941 - WARNING - No image found for journal: Information Impact: Journal of Information and Knowledge Management
2024-11-08 12:59:01,944 - INFO - No image found for journal: Information Impact: Journal of Information and Knowledge Management
